<?xml version="1.0" encoding="UTF-8"?>
<!-- Generated by org.testng.reporters.JUnitXMLReporter -->
<testsuite hostname="LAPTOP-2NQTA952" ignored="2" name="Test" tests="3" failures="0" timestamp="26 Nov 2019 04:55:09 GMT" time="148.438" errors="0">
  <testcase name="Notify" time="20.283" classname="mobiotics.sys.testCases.NotifyTest"/>
  <testcase name="provider" time="33.21" classname="mobiotics.sys.testCases.ProviderTest"/>
  <testcase name="Reports" time="93.752" classname="mobiotics.sys.testCases.ReportTest"/>
  <testcase name="@BeforeSuite initApplication" time="0.0" classname="mobiotics.sys.constant.BaseTest">
    <ignored/>
  </testcase> <!-- @BeforeSuite initApplication -->
  <testcase name="@BeforeSuite initApplication" time="0.0" classname="mobiotics.sys.constant.BaseTest">
    <ignored/>
  </testcase> <!-- @BeforeSuite initApplication -->
</testsuite> <!-- Test -->
